android/app/build/intermediates/manifest_merge_blame_file/debug/manifest-merger-blame-debug-report.txt
1<?xml version="1.0" encoding="utf-8"?>
2<manifest xmlns:android="http://schemas.android.com/apk/res/android"
3    package="com.inventory"
4    android:versionCode="1004"
5    android:versionName="1.0" >
6
7    <uses-sdk
8        android:minSdkVersion="21"
9        android:targetSdkVersion="29" />
10
11    <uses-permission android:name="android.permission.SYSTEM_ALERT_WINDOW" />
11-->src\debug\AndroidManifest.xml:5:5-77
11-->src\debug\AndroidManifest.xml:5:22-75
12    <uses-permission android:name="android.permission.CAMERA" />
12-->src\main\AndroidManifest.xml:5:5-64
12-->src\main\AndroidManifest.xml:5:22-62
13    <uses-permission android:name="android.permission.WRITE_EXTERNAL_STORAGE" />
13-->src\debug\AndroidManifest.xml:7:5-80
13-->src\debug\AndroidManifest.xml:7:22-78
14    <uses-permission android:name="android.permission.INTERNET" />
14-->src\main\AndroidManifest.xml:4:5-67
14-->src\main\AndroidManifest.xml:4:22-64
15    <uses-permission android:name="android.permission.ACCESS_WIFI_STATE" />
15-->[com.facebook.flipper:flipper:0.75.1] AndroidManifest.xml:16:5-76
15-->[com.facebook.flipper:flipper:0.75.1] AndroidManifest.xml:16:22-73
16
17    <application
17-->src\main\AndroidManifest.xml:7:5-26:19
18        android:name="com.inventory.MainApplication"
18-->src\main\AndroidManifest.xml:8:7-38
19        android:allowBackup="false"
19-->src\main\AndroidManifest.xml:12:7-34
20        android:appComponentFactory="androidx.core.app.CoreComponentFactory"
20-->[androidx.core:core:1.3.1] AndroidManifest.xml:24:18-86
21        android:debuggable="true"
22        android:icon="@mipmap/ic_launcher"
22-->src\main\AndroidManifest.xml:10:7-41
23        android:label="@string/app_name"
23-->src\main\AndroidManifest.xml:9:7-39
24        android:roundIcon="@mipmap/ic_launcher_round"
24-->src\main\AndroidManifest.xml:11:7-52
25        android:theme="@style/AppTheme"
25-->src\main\AndroidManifest.xml:13:7-38
26        android:usesCleartextTraffic="true" >
26-->src\debug\AndroidManifest.xml:10:9-44
27        <activity android:name="com.facebook.react.devsupport.DevSettingsActivity" />
27-->src\debug\AndroidManifest.xml:13:9-86
27-->src\debug\AndroidManifest.xml:13:19-83
28        <activity
28-->src\main\AndroidManifest.xml:14:7-25:18
29            android:name="com.inventory.MainActivity"
29-->src\main\AndroidManifest.xml:15:9-37
30            android:configChanges="keyboard|keyboardHidden|orientation|screenSize|uiMode"
30-->src\main\AndroidManifest.xml:17:9-86
31            android:label="@string/app_name"
31-->src\main\AndroidManifest.xml:16:9-41
32            android:launchMode="singleTask"
32-->src\main\AndroidManifest.xml:18:9-40
33            android:screenOrientation="portrait"
33-->src\main\AndroidManifest.xml:19:9-45
34            android:windowSoftInputMode="adjustResize" >
34-->src\main\AndroidManifest.xml:20:9-51
35            <intent-filter>
35-->src\main\AndroidManifest.xml:21:9-24:25
36                <action android:name="android.intent.action.MAIN" />
36-->src\main\AndroidManifest.xml:22:13-65
36-->src\main\AndroidManifest.xml:22:21-62
37
38                <category android:name="android.intent.category.LAUNCHER" />
38-->src\main\AndroidManifest.xml:23:13-73
38-->src\main\AndroidManifest.xml:23:23-70
39            </intent-filter>
40        </activity>
41
42        <provider
42-->[:react-native-image-picker] AndroidManifest.xml:12:9-20:20
43            android:name="com.imagepicker.ImagePickerProvider"
43-->[:react-native-image-picker] AndroidManifest.xml:13:13-63
44            android:authorities="com.inventory.imagepickerprovider"
44-->[:react-native-image-picker] AndroidManifest.xml:14:13-71
45            android:exported="false"
45-->[:react-native-image-picker] AndroidManifest.xml:15:13-37
46            android:grantUriPermissions="true" >
46-->[:react-native-image-picker] AndroidManifest.xml:16:13-47
47            <meta-data
47-->[:react-native-image-picker] AndroidManifest.xml:17:13-19:70
48                android:name="android.support.FILE_PROVIDER_PATHS"
48-->[:react-native-image-picker] AndroidManifest.xml:18:17-67
49                android:resource="@xml/imagepicker_provider_paths" />
49-->[:react-native-image-picker] AndroidManifest.xml:19:17-67
50        </provider>
51    </application>
52
53</manifest>